<?xml version="1.0" encoding="UTF-8"?>
<!-- Generated by org.testng.reporters.JUnitReportReporter -->
<testsuite skipped="0" hostname="NTPC02392" name="mecuryToursExecution.Excecution_AllTesCases" tests="3" failures="0" timestamp="15 Jun 2020 07:45:34 GMT" time="142.204" errors="0">
  <testcase name="Registration" time="45.371" classname="mecuryToursExecution.Excecution_AllTesCases"/>
  <testcase name="Login" time="33.596" classname="mecuryToursExecution.Excecution_AllTesCases"/>
  <testcase name="BookFlight" time="63.237" classname="mecuryToursExecution.Excecution_AllTesCases"/>
</testsuite> <!-- mecuryToursExecution.Excecution_AllTesCases -->
