<?xml version="1.0" encoding="UTF-8"?>
<!-- Generated by org.testng.reporters.JUnitReportReporter -->
<testsuite skipped="0" hostname="NTPC02392" name="mecuryToursExecution.LoginPageExecution" tests="1" failures="0" timestamp="15 Jun 2020 13:50:55 GMT" time="29.456" errors="0">
  <testcase name="Login" time="29.456" classname="mecuryToursExecution.LoginPageExecution"/>
</testsuite> <!-- mecuryToursExecution.LoginPageExecution -->
