<?xml version="1.0" encoding="UTF-8"?>
<!-- Generated by org.testng.reporters.JUnitReportReporter -->
<testsuite skipped="0" hostname="NTPC02392" name="mecuryToursExecution.ExtendsReports" tests="3" failures="0" timestamp="15 Jun 2020 09:09:09 GMT" time="124.635" errors="0">
  <testcase name="Registration" time="36.898" classname="mecuryToursExecution.ExtendsReports"/>
  <testcase name="Login" time="32.124" classname="mecuryToursExecution.ExtendsReports"/>
  <testcase name="BookFlight" time="55.613" classname="mecuryToursExecution.ExtendsReports"/>
</testsuite> <!-- mecuryToursExecution.ExtendsReports -->
